<?xml version="1.0" encoding="UTF-8"?>
<testng-results skipped="0" failed="0" ignored="0" total="1" passed="1">
  <reporter-output>
  </reporter-output>
  <suite name="Default suite" duration-ms="8165" started-at="2019-10-23T13:19:30 EDT" finished-at="2019-10-23T13:19:38 EDT">
    <groups>
    </groups>
    <test name="Default test" duration-ms="8165" started-at="2019-10-23T13:19:30 EDT" finished-at="2019-10-23T13:19:38 EDT">
      <class name="TestNGPractice">
        <test-method status="PASS" signature="initiation()[pri:0, instance:TestNGPractice@5b87ed94]" name="initiation" is-config="true" duration-ms="7038" started-at="2019-10-23T13:19:30 EDT" finished-at="2019-10-23T13:19:37 EDT">
          <reporter-output>
          </reporter-output>
        </test-method> <!-- initiation -->
        <test-method status="PASS" signature="TestNGTester()[pri:0, instance:TestNGPractice@5b87ed94]" name="TestNGTester" duration-ms="422" started-at="2019-10-23T13:19:37 EDT" finished-at="2019-10-23T13:19:37 EDT">
          <reporter-output>
          </reporter-output>
        </test-method> <!-- TestNGTester -->
        <test-method status="PASS" signature="end()[pri:0, instance:TestNGPractice@5b87ed94]" name="end" is-config="true" duration-ms="656" started-at="2019-10-23T13:19:37 EDT" finished-at="2019-10-23T13:19:38 EDT">
          <reporter-output>
          </reporter-output>
        </test-method> <!-- end -->
      </class> <!-- TestNGPractice -->
    </test> <!-- Default test -->
  </suite> <!-- Default suite -->
</testng-results>
